<?xml version="1.0" encoding="UTF-8"?>
<!-- Generated by org.testng.reporters.JUnitReportReporter -->
<testsuite hostname="Devikareddy" failures="0" tests="3" name="com.TC.LoginPageTest" time="52.977" errors="0" timestamp="2023-09-10T11:52:51 IST" skipped="0">
  <testcase classname="com.TC.LoginPageTest" name="validatePasswordFieldPresent" time="17.312"/>
  <system-out/>
  <testcase classname="com.TC.LoginPageTest" name="validateUserNameFieldPresent" time="12.609"/>
  <system-out/>
  <testcase classname="com.TC.LoginPageTest" name="validateTitleTest" time="23.056"/>
  <system-out/>
</testsuite> <!-- com.TC.LoginPageTest -->
