<?xml version="1.0" encoding="UTF-8"?>
<!-- Generated by org.testng.reporters.JUnitReportReporter -->
<testsuite hostname="Devikareddy" failures="0" tests="1" name="com.TC.DashboardPageTest" time="6.705" errors="0" timestamp="2023-09-09T23:28:02 IST" skipped="0">
  <testcase classname="com.TC.DashboardPageTest" name="validateTimeWorkSectionPresent" time="6.705"/>
  <system-out/>
</testsuite> <!-- com.TC.DashboardPageTest -->
